# Naive

gbarlogin2(s232242) $ ./poisson_jomp 20 10000 0.0001 0 4
=====================Info=====================
N:                                      20
Tolerance:                              0.000100
Max iterations:                         10000
Time:                                   0.008991
Number of iterations:                   864
Number of iterations per second:        96095.508710
Wrote VTK file to jacobi_omp_N20_T0.00010000_I10000.vtk.

gbarlogin2(s232242) $ ./poisson_jomp 50 10000 0.0001 0 4
=====================Info=====================
N:                                      50
Tolerance:                              0.000100
Max iterations:                         10000
Time:                                   0.318664
Number of iterations:                   5107
Number of iterations per second:        16026.283233
Wrote VTK file to jacobi_omp_N50_T0.00010000_I10000.vtk.

gbarlogin2(s232242) $ ./poisson_jomp 100 10000 0.0001 0 4
=====================Info=====================
N:                                      100
Tolerance:                              0.000100
Max iterations:                         10000
Time:                                   4.626056
Number of iterations:                   10000
Number of iterations per second:        2161.668382
Wrote VTK file to jacobi_omp_N100_T0.00010000_I10000.vtk.

# Expanded 

gbarlogin2(s232242) $ ./poisson_jomp 20 10000 0.0001 0 4
=====================Info=====================
N:                                      20
Tolerance:                              0.000100
Max iterations:                         10000
Time:                                   0.010236
Number of iterations:                   864
Number of iterations per second:        84411.989086
Wrote VTK file to jacobi_omp_N20_T0.00010000_I10000.vtk.

gbarlogin2(s232242) $ ./poisson_jomp 50 10000 0.0001 0 4
=====================Info=====================
N:                                      50
Tolerance:                              0.000100
Max iterations:                         10000
Time:                                   0.314632
Number of iterations:                   5107
Number of iterations per second:        16231.661371
Wrote VTK file to jacobi_omp_N50_T0.00010000_I10000.vtk.

gbarlogin2(s232242) $ ./poisson_jomp 100 10000 0.0001 0 4
=====================Info=====================
N:                                      100
Tolerance:                              0.000100
Max iterations:                         10000
Time:                                   4.642769
Number of iterations:                   10000
Number of iterations per second:        2153.887104
Wrote VTK file to jacobi_omp_N100_T0.00010000_I10000.vtk.
