Wrote VTK file to jacobi_N10_T50.00000000_I10000.vtk.
Wrote VTK file to gauss_seidel_N10_T50.00000000_I10000.vtk.
Wrote VTK file to jacobi_N20_T50.00000000_I10000.vtk.
Wrote VTK file to gauss_seidel_N20_T50.00000000_I10000.vtk.
Wrote VTK file to jacobi_N30_T50.00000000_I10000.vtk.
Wrote VTK file to gauss_seidel_N30_T50.00000000_I10000.vtk.
Wrote VTK file to jacobi_N40_T50.00000000_I10000.vtk.
Wrote VTK file to gauss_seidel_N40_T50.00000000_I10000.vtk.
Wrote VTK file to jacobi_N50_T50.00000000_I10000.vtk.
Wrote VTK file to gauss_seidel_N50_T50.00000000_I10000.vtk.
Wrote VTK file to jacobi_N100_T50.00000000_I10000.vtk.
Wrote VTK file to gauss_seidel_N100_T50.00000000_I10000.vtk.
array u: allocation failed: Success
array u: allocation failed: Success
array u: allocation failed: Success
array u: allocation failed: Success
array u: allocation failed: Success
array u: allocation failed: Success
array u: allocation failed: Success
array u: allocation failed: Success
  adding: logs/ (stored 0%)
  adding: logs/grid_j.log (deflated 81%)
  adding: logs/grid_gs.log (deflated 81%)
  adding: logs/tolerance_gs.log (stored 0%)
  adding: logs/tolerance_j.log (stored 0%)

------------------------------------------------------------
Sender: LSF System <lsfadmin@hpc.dtu.dk>
Subject: Job 19888227: <4cores> in cluster <dcc> Done

Job <4cores> was submitted from host <n-62-30-1> by user <s173394> in cluster <dcc> at Fri Jan 12 02:28:49 2024
Job was executed on host(s) <4*n-62-21-4>, in queue <hpcintro>, as user <s173394> in cluster <dcc> at Fri Jan 12 02:28:50 2024
</zhome/97/7/126506> was used as the home directory.
</zhome/97/7/126506/02614/assignments/HPC_assignment_2> was used as the working directory.
Started at Fri Jan 12 02:28:50 2024
Terminated at Fri Jan 12 02:29:00 2024
Results reported at Fri Jan 12 02:29:00 2024

Your job looked like:

------------------------------------------------------------
# LSBATCH: User input
#!/bin/bash
#BSUB -J 4cores
#BSUB -o src/1node4cores.out
#BSUB -q hpcintro
#BSUB -W 4
#BSUB -R "rusage[mem=512MB]"
#BSUB -R "span[hosts=1]"
#BSUB -n 4


# TODO: 
# - Add bigger numbers

TOLERANCE_VALUES=(
  0.0000001
  0.000001
  0.0001
  0.001
)

GRID_VALUES=(
  10
  20
  30
  40
  50
  100
)

# go to source dir
cd "src"
# create logs dir if doesn't exist
mkdir -p "logs"
# remove previous logs
rm -f logs/*.log

# no real meaning behind these values for now
ITERATIONS_DEF=10000
TOLERANCE_DEF=0.00001
GRID_DEF=50

for GRID in "${GRID_VALUES[@]}"; do
  ./poisson_j $GRID $ITERATIONS_DEF $GRID_DEF 0.0 4 >>"logs/grid_j.log"
  ./poisson_gs $GRID $ITERATIONS_DEF $GRID_DEF 0.0 4 >>"logs/grid_gs.log"
  ./poisson_j $GRID $ITERATIONS_DEF $GRID_DEF 0.0 3 >/dev/null 2>&1
  ./poisson_gs $GRID $ITERATIONS_DEF $GRID_DEF 0.0 3 >/dev/null 2>&1
done

for TOLERANCE in "${TOLERANCE_VALUES[@]}"; do
  ./poisson_j $TOLERANCE_DEF $ITERATIONS_DEF $TOLERANCE 0.0 4 >>"logs/tolerance_j.log"

(... more ...)
------------------------------------------------------------

Successfully completed.

Resource usage summary:

    CPU time :                                   8.65 sec.
    Max Memory :                                 -
    Average Memory :                             -
    Total Requested Memory :                     2048.00 MB
    Delta Memory :                               -
    Max Swap :                                   -
    Max Processes :                              -
    Max Threads :                                -
    Run time :                                   9 sec.
    Turnaround time :                            11 sec.

The output (if any) is above this job summary.

Wrote VTK file to jacobi_N10_T50.00000000_I10000.vtk.
Wrote VTK file to gauss_seidel_N10_T50.00000000_I10000.vtk.
Wrote VTK file to jacobi_N20_T50.00000000_I10000.vtk.
Wrote VTK file to gauss_seidel_N20_T50.00000000_I10000.vtk.
Wrote VTK file to jacobi_N30_T50.00000000_I10000.vtk.
Wrote VTK file to gauss_seidel_N30_T50.00000000_I10000.vtk.
Wrote VTK file to jacobi_N40_T50.00000000_I10000.vtk.
Wrote VTK file to gauss_seidel_N40_T50.00000000_I10000.vtk.
Wrote VTK file to jacobi_N50_T50.00000000_I10000.vtk.
Wrote VTK file to gauss_seidel_N50_T50.00000000_I10000.vtk.
Wrote VTK file to jacobi_N100_T50.00000000_I10000.vtk.
Wrote VTK file to gauss_seidel_N100_T50.00000000_I10000.vtk.
Wrote VTK file to jacobi_N200_T50.00000000_I10000.vtk.
Wrote VTK file to gauss_seidel_N200_T50.00000000_I10000.vtk.
array u: allocation failed: Success
array u: allocation failed: Success
array u: allocation failed: Success
array u: allocation failed: Success
array u: allocation failed: Success
array u: allocation failed: Success
array u: allocation failed: Success
array u: allocation failed: Success
  adding: logs/ (stored 0%)
  adding: logs/grid_j.log (deflated 82%)
  adding: logs/grid_gs.log (deflated 82%)
  adding: logs/tolerance_gs.log (stored 0%)
  adding: logs/tolerance_j.log (stored 0%)

------------------------------------------------------------
Sender: LSF System <lsfadmin@hpc.dtu.dk>
Subject: Job 19888228: <4cores> in cluster <dcc> Done

Job <4cores> was submitted from host <n-62-30-1> by user <s173394> in cluster <dcc> at Fri Jan 12 02:29:49 2024
Job was executed on host(s) <4*n-62-21-1>, in queue <hpcintro>, as user <s173394> in cluster <dcc> at Fri Jan 12 02:29:51 2024
</zhome/97/7/126506> was used as the home directory.
</zhome/97/7/126506/02614/assignments/HPC_assignment_2> was used as the working directory.
Started at Fri Jan 12 02:29:51 2024
Terminated at Fri Jan 12 02:32:45 2024
Results reported at Fri Jan 12 02:32:45 2024

Your job looked like:

------------------------------------------------------------
# LSBATCH: User input
#!/bin/bash
#BSUB -J 4cores
#BSUB -o src/1node4cores.out
#BSUB -q hpcintro
#BSUB -W 4
#BSUB -R "rusage[mem=512MB]"
#BSUB -R "span[hosts=1]"
#BSUB -n 4


# TODO: 
# - Add bigger numbers

TOLERANCE_VALUES=(
  0.0000001
  0.000001
  0.0001
  0.001
)

GRID_VALUES=(
  10
  20
  30
  40
  50
  100
  200
)

# go to source dir
cd "src"
# create logs dir if doesn't exist
mkdir -p "logs"
# remove previous logs
rm -f logs/*.log

# no real meaning behind these values for now
ITERATIONS_DEF=10000
TOLERANCE_DEF=0.00001
GRID_DEF=50

for GRID in "${GRID_VALUES[@]}"; do
  ./poisson_j $GRID $ITERATIONS_DEF $GRID_DEF 0.0 4 >>"logs/grid_j.log"
  ./poisson_gs $GRID $ITERATIONS_DEF $GRID_DEF 0.0 4 >>"logs/grid_gs.log"
  ./poisson_j $GRID $ITERATIONS_DEF $GRID_DEF 0.0 3 >/dev/null 2>&1
  ./poisson_gs $GRID $ITERATIONS_DEF $GRID_DEF 0.0 3 >/dev/null 2>&1
done

for TOLERANCE in "${TOLERANCE_VALUES[@]}"; do

(... more ...)
------------------------------------------------------------

Successfully completed.

Resource usage summary:

    CPU time :                                   170.30 sec.
    Max Memory :                                 188 MB
    Average Memory :                             157.25 MB
    Total Requested Memory :                     2048.00 MB
    Delta Memory :                               1860.00 MB
    Max Swap :                                   -
    Max Processes :                              4
    Max Threads :                                5
    Run time :                                   173 sec.
    Turnaround time :                            176 sec.

The output (if any) is above this job summary.

Wrote VTK file to jacobi_N10_T50.00000000_I10000.vtk.
Wrote VTK file to gauss_seidel_N10_T50.00000000_I10000.vtk.
Wrote VTK file to jacobi_N20_T50.00000000_I10000.vtk.
Wrote VTK file to gauss_seidel_N20_T50.00000000_I10000.vtk.
Wrote VTK file to jacobi_N30_T50.00000000_I10000.vtk.
Wrote VTK file to gauss_seidel_N30_T50.00000000_I10000.vtk.
Wrote VTK file to jacobi_N40_T50.00000000_I10000.vtk.
Wrote VTK file to gauss_seidel_N40_T50.00000000_I10000.vtk.
Wrote VTK file to jacobi_N50_T50.00000000_I10000.vtk.
Wrote VTK file to gauss_seidel_N50_T50.00000000_I10000.vtk.
Wrote VTK file to jacobi_N100_T50.00000000_I10000.vtk.
Wrote VTK file to gauss_seidel_N100_T50.00000000_I10000.vtk.
Wrote VTK file to jacobi_N50_T0.00000010_I10000.vtk.
Wrote VTK file to gauss_seidel_N50_T0.00000010_I10000.vtk.
Wrote VTK file to jacobi_N50_T0.00000100_I10000.vtk.
Wrote VTK file to gauss_seidel_N50_T0.00000100_I10000.vtk.
Wrote VTK file to jacobi_N50_T0.00010000_I10000.vtk.
Wrote VTK file to gauss_seidel_N50_T0.00010000_I10000.vtk.
Wrote VTK file to jacobi_N50_T0.00100000_I10000.vtk.
Wrote VTK file to gauss_seidel_N50_T0.00100000_I10000.vtk.
  adding: logs/ (stored 0%)
  adding: logs/grid_j.log (deflated 81%)
  adding: logs/grid_gs.log (deflated 81%)
  adding: logs/tolerance_gs.log (deflated 76%)
  adding: logs/tolerance_j.log (deflated 77%)

------------------------------------------------------------
Sender: LSF System <lsfadmin@hpc.dtu.dk>
Subject: Job 19888229: <4cores> in cluster <dcc> Done

Job <4cores> was submitted from host <n-62-30-1> by user <s173394> in cluster <dcc> at Fri Jan 12 02:38:54 2024
Job was executed on host(s) <4*n-62-21-6>, in queue <hpcintro>, as user <s173394> in cluster <dcc> at Fri Jan 12 02:38:56 2024
</zhome/97/7/126506> was used as the home directory.
</zhome/97/7/126506/02614/assignments/HPC_assignment_2> was used as the working directory.
Started at Fri Jan 12 02:38:56 2024
Terminated at Fri Jan 12 02:42:28 2024
Results reported at Fri Jan 12 02:42:28 2024

Your job looked like:

------------------------------------------------------------
# LSBATCH: User input
#!/bin/bash
#BSUB -J 4cores
#BSUB -o src/1node4cores.out
#BSUB -q hpcintro
#BSUB -W 4
#BSUB -R "rusage[mem=512MB]"
#BSUB -R "span[hosts=1]"
#BSUB -n 4

# TODO: 
# - Add bigger numbers

TOLERANCE_VALUES=(
  0.0000001
  0.000001
  0.0001
  0.001
)

GRID_VALUES=(
  10
  20
  30
  40
  50
  100
  # 200
  # 300
  # 400
)

# go to source dir
cd "src"
# create logs dir if doesn't exist
mkdir -p "logs"
# remove previous logs
rm -f logs/*.log

# no real meaning behind these values for now
ITERATIONS_DEF=10000
TOLERANCE_DEF=0.00001
GRID_DEF=50

for GRID in "${GRID_VALUES[@]}"; do
  ./poisson_j $GRID $ITERATIONS_DEF $GRID_DEF 0.0 4 >>"logs/grid_j.log"
  ./poisson_gs $GRID $ITERATIONS_DEF $GRID_DEF 0.0 4 >>"logs/grid_gs.log"
  ./poisson_j $GRID $ITERATIONS_DEF $GRID_DEF 0.0 3 >/dev/null 2>&1
  ./poisson_gs $GRID $ITERATIONS_DEF $GRID_DEF 0.0 3 >/dev/null 2>&1
done


(... more ...)
------------------------------------------------------------

Successfully completed.

Resource usage summary:

    CPU time :                                   210.40 sec.
    Max Memory :                                 7 MB
    Average Memory :                             7.00 MB
    Total Requested Memory :                     2048.00 MB
    Delta Memory :                               2041.00 MB
    Max Swap :                                   -
    Max Processes :                              4
    Max Threads :                                5
    Run time :                                   212 sec.
    Turnaround time :                            214 sec.

The output (if any) is above this job summary.

Wrote VTK file to jacobi_N10_T0.00001000_I10000.vtk.
Wrote VTK file to gauss_seidel_N10_T0.00001000_I10000.vtk.
Wrote VTK file to jacobi_N20_T0.00001000_I10000.vtk.
Wrote VTK file to gauss_seidel_N20_T0.00001000_I10000.vtk.
Wrote VTK file to jacobi_N30_T0.00001000_I10000.vtk.
Wrote VTK file to gauss_seidel_N30_T0.00001000_I10000.vtk.
Wrote VTK file to jacobi_N40_T0.00001000_I10000.vtk.
Wrote VTK file to gauss_seidel_N40_T0.00001000_I10000.vtk.
Wrote VTK file to jacobi_N50_T0.00001000_I10000.vtk.

------------------------------------------------------------
Sender: LSF System <lsfadmin@hpc.dtu.dk>
Subject: Job 19888231: <4cores> in cluster <dcc> Exited

Job <4cores> was submitted from host <n-62-30-1> by user <s173394> in cluster <dcc> at Fri Jan 12 03:10:24 2024
Job was executed on host(s) <4*n-62-21-77>, in queue <hpcintro>, as user <s173394> in cluster <dcc> at Fri Jan 12 03:10:25 2024
</zhome/97/7/126506> was used as the home directory.
</zhome/97/7/126506/02614/assignments/HPC_assignment_2> was used as the working directory.
Started at Fri Jan 12 03:10:25 2024
Terminated at Fri Jan 12 03:11:12 2024
Results reported at Fri Jan 12 03:11:12 2024

Your job looked like:

------------------------------------------------------------
# LSBATCH: User input
#!/bin/bash
#BSUB -J 4cores
#BSUB -o src/1node4cores.out
#BSUB -q hpcintro
#BSUB -W 6
#BSUB -R "rusage[mem=512MB]"
#BSUB -R "span[hosts=1]"
#BSUB -n 4

export OMP_NUM_THREADS=$LSB_DJOB_NUMPROC

# TODO: 
# - Add bigger numbers

TOLERANCE_VALUES=(
  0.0000001
  0.000001
  0.0001
  0.001
)

GRID_VALUES=(
  10
  20
  30
  40
  50
  100
  # 200
  # 300
  # 400
)

# go to source dir
cd "src"
# create logs dir if doesn't exist
mkdir -p "logs"
# remove previous logs
rm -f logs/*.log

# no real meaning behind these values for now
ITERATIONS_DEF=10000
TOLERANCE_DEF=0.00001
GRID_DEF=50

for GRID in "${GRID_VALUES[@]}"; do
  ./poisson_j $GRID $ITERATIONS_DEF $TOLERANCE_DEF 0.0 4 >>"logs/grid_j.log"
  ./poisson_gs $GRID $ITERATIONS_DEF $TOLERANCE_DEF 0.0 4 >>"logs/grid_gs.log"
  ./poisson_j $GRID $ITERATIONS_DEF $TOLERANCE_DEF 0.0 3 >/dev/null 2>&1
  ./poisson_gs $GRID $ITERATIONS_DEF $TOLERANCE_DEF 0.0 3 >/dev/null 2>&1

(... more ...)
------------------------------------------------------------

TERM_OWNER: job killed by owner.
Exited with exit code 130.

Resource usage summary:

    CPU time :                                   45.07 sec.
    Max Memory :                                 7 MB
    Average Memory :                             6.67 MB
    Total Requested Memory :                     2048.00 MB
    Delta Memory :                               2041.00 MB
    Max Swap :                                   -
    Max Processes :                              4
    Max Threads :                                5
    Run time :                                   46 sec.
    Turnaround time :                            48 sec.

The output (if any) is above this job summary.

Wrote VTK file to jacobi_N10_T0.00001000_I10000.vtk.
Wrote VTK file to gauss_seidel_N10_T0.00001000_I10000.vtk.
Wrote VTK file to jacobi_N20_T0.00001000_I10000.vtk.
Wrote VTK file to gauss_seidel_N20_T0.00001000_I10000.vtk.
Wrote VTK file to jacobi_N30_T0.00001000_I10000.vtk.
Wrote VTK file to gauss_seidel_N30_T0.00001000_I10000.vtk.
Wrote VTK file to jacobi_N40_T0.00001000_I10000.vtk.
Wrote VTK file to gauss_seidel_N40_T0.00001000_I10000.vtk.
Wrote VTK file to jacobi_N50_T0.00001000_I10000.vtk.
Wrote VTK file to gauss_seidel_N50_T0.00001000_I10000.vtk.

------------------------------------------------------------
Sender: LSF System <lsfadmin@hpc.dtu.dk>
Subject: Job 19888233: <4cores> in cluster <dcc> Exited

Job <4cores> was submitted from host <n-62-30-1> by user <s173394> in cluster <dcc> at Fri Jan 12 03:11:27 2024
Job was executed on host(s) <4*n-62-21-1>, in queue <hpcintro>, as user <s173394> in cluster <dcc> at Fri Jan 12 03:11:28 2024
</zhome/97/7/126506> was used as the home directory.
</zhome/97/7/126506/02614/assignments/HPC_assignment_2> was used as the working directory.
Started at Fri Jan 12 03:11:28 2024
Terminated at Fri Jan 12 03:14:19 2024
Results reported at Fri Jan 12 03:14:19 2024

Your job looked like:

------------------------------------------------------------
# LSBATCH: User input
#!/bin/bash
#BSUB -J 4cores
#BSUB -o src/1node4cores.out
#BSUB -q hpcintro
#BSUB -W 6
#BSUB -R "rusage[mem=512MB]"
#BSUB -R "span[hosts=1]"
#BSUB -n 4

export OMP_NUM_THREADS=$LSB_DJOB_NUMPROC

# TODO: 
# - Add bigger numbers

TOLERANCE_VALUES=(
  0.0000001
  0.000001
  0.0001
  0.001
)

GRID_VALUES=(
  10
  20
  30
  40
  50
  100
  # 200
  # 300
  # 400
)

# go to source dir
cd "src"
# create logs dir if doesn't exist
mkdir -p "logs"
# remove previous logs
rm -f logs/*.log

# no real meaning behind these values for now
ITERATIONS_DEF=10000
TOLERANCE_DEF=0.00001
GRID_DEF=50

for GRID in "${GRID_VALUES[@]}"; do
  ./poisson_j $GRID $ITERATIONS_DEF $TOLERANCE_DEF 0.0 4 >>"logs/grid_j.log"
  ./poisson_gs $GRID $ITERATIONS_DEF $TOLERANCE_DEF 0.0 4 >>"logs/grid_gs.log"
  ./poisson_j $GRID $ITERATIONS_DEF $TOLERANCE_DEF 0.0 3 >/dev/null 2>&1
  ./poisson_gs $GRID $ITERATIONS_DEF $TOLERANCE_DEF 0.0 3 >/dev/null 2>&1

(... more ...)
------------------------------------------------------------

TERM_OWNER: job killed by owner.
Exited with exit code 130.

Resource usage summary:

    CPU time :                                   169.54 sec.
    Max Memory :                                 27 MB
    Average Memory :                             21.50 MB
    Total Requested Memory :                     2048.00 MB
    Delta Memory :                               2021.00 MB
    Max Swap :                                   -
    Max Processes :                              4
    Max Threads :                                5
    Run time :                                   171 sec.
    Turnaround time :                            172 sec.

The output (if any) is above this job summary.

Wrote VTK file to jacobi_N10_T0.00001000_I10000.vtk.
Wrote VTK file to gauss_seidel_N10_T0.00001000_I10000.vtk.
Wrote VTK file to jacobi_N20_T0.00001000_I10000.vtk.
Wrote VTK file to gauss_seidel_N20_T0.00001000_I10000.vtk.
Wrote VTK file to jacobi_N30_T0.00001000_I10000.vtk.
Wrote VTK file to gauss_seidel_N30_T0.00001000_I10000.vtk.
Wrote VTK file to jacobi_N40_T0.00001000_I10000.vtk.
Wrote VTK file to gauss_seidel_N40_T0.00001000_I10000.vtk.
Wrote VTK file to jacobi_N50_T0.00001000_I10000.vtk.
Wrote VTK file to gauss_seidel_N50_T0.00001000_I10000.vtk.
Wrote VTK file to jacobi_N10_T0.00001000_I10000.vtk.
Wrote VTK file to gauss_seidel_N10_T0.00001000_I10000.vtk.
Wrote VTK file to jacobi_N20_T0.00001000_I10000.vtk.
Wrote VTK file to gauss_seidel_N20_T0.00001000_I10000.vtk.
Wrote VTK file to jacobi_N30_T0.00001000_I10000.vtk.
Wrote VTK file to gauss_seidel_N30_T0.00001000_I10000.vtk.
Wrote VTK file to jacobi_N40_T0.00001000_I10000.vtk.
Wrote VTK file to gauss_seidel_N40_T0.00001000_I10000.vtk.

------------------------------------------------------------
Sender: LSF System <lsfadmin@hpc.dtu.dk>
Subject: Job 19888235: <4cores> in cluster <dcc> Exited

Job <4cores> was submitted from host <n-62-30-1> by user <s173394> in cluster <dcc> at Fri Jan 12 03:21:22 2024
Job was executed on host(s) <4*n-62-21-75>, in queue <hpcintro>, as user <s173394> in cluster <dcc> at Fri Jan 12 03:21:23 2024
</zhome/97/7/126506> was used as the home directory.
</zhome/97/7/126506/02614/assignments/HPC_assignment_2> was used as the working directory.
Started at Fri Jan 12 03:21:23 2024
Terminated at Fri Jan 12 03:22:03 2024
Results reported at Fri Jan 12 03:22:03 2024

Your job looked like:

------------------------------------------------------------
# LSBATCH: User input
#!/bin/bash
#BSUB -J 4cores
#BSUB -o src/1node4cores.out
#BSUB -q hpcintro
#BSUB -W 6
#BSUB -R "rusage[mem=512MB]"
#BSUB -R "span[hosts=1]"
#BSUB -n 4

export OMP_NUM_THREADS=${LSB_DJOB_NUMPROC:-1}

# TODO: 
# - Add bigger numbers

TOLERANCE_VALUES=(
  0.0000001
  0.000001
  0.0001
  0.001
)

GRID_VALUES=(
  10
  20
  30
  40
  50
  100
  # 200
  # 300
  # 400
)

# go to source dir
cd "src"
# create logs dir if doesn't exist
mkdir -p "logs"
# remove previous logs
rm -f logs/*.log

# no real meaning behind these values for now
ITERATIONS_DEF=10000
TOLERANCE_DEF=0.00001
GRID_DEF=50

for GRID in "${GRID_VALUES[@]}"; do
  ./poisson_j $GRID $ITERATIONS_DEF $TOLERANCE_DEF 0.0 4 >>"logs/grid_j.log"
  ./poisson_gs $GRID $ITERATIONS_DEF $TOLERANCE_DEF 0.0 4 >>"logs/grid_gs.log"
  ./poisson_j $GRID $ITERATIONS_DEF $TOLERANCE_DEF 0.0 3 >/dev/null 2>&1
  ./poisson_gs $GRID $ITERATIONS_DEF $TOLERANCE_DEF 0.0 3 >/dev/null 2>&1

(... more ...)
------------------------------------------------------------

TERM_OWNER: job killed by owner.
Exited with exit code 130.

Resource usage summary:

    CPU time :                                   38.56 sec.
    Max Memory :                                 7 MB
    Average Memory :                             6.67 MB
    Total Requested Memory :                     2048.00 MB
    Delta Memory :                               2041.00 MB
    Max Swap :                                   -
    Max Processes :                              4
    Max Threads :                                5
    Run time :                                   40 sec.
    Turnaround time :                            41 sec.

The output (if any) is above this job summary.


------------------------------------------------------------
Sender: LSF System <lsfadmin@hpc.dtu.dk>
Subject: Job 19888234: <4cores> in cluster <dcc> Exited

Job <4cores> was submitted from host <n-62-30-1> by user <s173394> in cluster <dcc> at Fri Jan 12 03:16:24 2024
Job was executed on host(s) <4*n-62-21-5>, in queue <hpcintro>, as user <s173394> in cluster <dcc> at Fri Jan 12 03:16:24 2024
</zhome/97/7/126506> was used as the home directory.
</zhome/97/7/126506/02614/assignments/HPC_assignment_2> was used as the working directory.
Started at Fri Jan 12 03:16:24 2024
Terminated at Fri Jan 12 03:22:29 2024
Results reported at Fri Jan 12 03:22:29 2024

Your job looked like:

------------------------------------------------------------
# LSBATCH: User input
#!/bin/bash
#BSUB -J 4cores
#BSUB -o src/1node4cores.out
#BSUB -q hpcintro
#BSUB -W 6
#BSUB -R "rusage[mem=512MB]"
#BSUB -R "span[hosts=1]"
#BSUB -n 4

export OMP_NUM_THREADS=${LSB_DJOB_NUMPROC:-1}

# TODO: 
# - Add bigger numbers

TOLERANCE_VALUES=(
  0.0000001
  0.000001
  0.0001
  0.001
)

GRID_VALUES=(
  10
  20
  30
  40
  50
  100
  # 200
  # 300
  # 400
)

# go to source dir
cd "src"
# create logs dir if doesn't exist
mkdir -p "logs"
# remove previous logs
rm -f logs/*.log

# no real meaning behind these values for now
ITERATIONS_DEF=10000
TOLERANCE_DEF=0.00001
GRID_DEF=50

for GRID in "${GRID_VALUES[@]}"; do
  ./poisson_j $GRID $ITERATIONS_DEF $TOLERANCE_DEF 0.0 4 >>"logs/grid_j.log"
  ./poisson_gs $GRID $ITERATIONS_DEF $TOLERANCE_DEF 0.0 4 >>"logs/grid_gs.log"
  ./poisson_j $GRID $ITERATIONS_DEF $TOLERANCE_DEF 0.0 3 >/dev/null 2>&1
  ./poisson_gs $GRID $ITERATIONS_DEF $TOLERANCE_DEF 0.0 3 >/dev/null 2>&1

(... more ...)
------------------------------------------------------------

TERM_RUNLIMIT: job killed after reaching LSF run time limit.
Exited with exit code 130.

Resource usage summary:

    CPU time :                                   364.34 sec.
    Max Memory :                                 27 MB
    Average Memory :                             23.50 MB
    Total Requested Memory :                     2048.00 MB
    Delta Memory :                               2021.00 MB
    Max Swap :                                   -
    Max Processes :                              4
    Max Threads :                                5
    Run time :                                   364 sec.
    Turnaround time :                            365 sec.

The output (if any) is above this job summary.

Wrote VTK file to jacobi_N10_T0.00001000_I10000.vtk.
Wrote VTK file to gauss_seidel_N10_T0.00001000_I10000.vtk.
Wrote VTK file to jacobi_N20_T0.00001000_I10000.vtk.
Wrote VTK file to gauss_seidel_N20_T0.00001000_I10000.vtk.
Wrote VTK file to jacobi_N30_T0.00001000_I10000.vtk.
Wrote VTK file to gauss_seidel_N30_T0.00001000_I10000.vtk.
Wrote VTK file to jacobi_N40_T0.00001000_I10000.vtk.
Wrote VTK file to gauss_seidel_N40_T0.00001000_I10000.vtk.
Wrote VTK file to jacobi_N50_T0.00001000_I10000.vtk.
Wrote VTK file to gauss_seidel_N50_T0.00001000_I10000.vtk.
User defined signal 2

------------------------------------------------------------
Sender: LSF System <lsfadmin@hpc.dtu.dk>
Subject: Job 19888236: <4cores> in cluster <dcc> Exited

Job <4cores> was submitted from host <n-62-30-1> by user <s173394> in cluster <dcc> at Fri Jan 12 03:22:32 2024
Job was executed on host(s) <4*n-62-21-76>, in queue <hpcintro>, as user <s173394> in cluster <dcc> at Fri Jan 12 03:22:32 2024
</zhome/97/7/126506> was used as the home directory.
</zhome/97/7/126506/02614/assignments/HPC_assignment_2> was used as the working directory.
Started at Fri Jan 12 03:22:32 2024
Terminated at Fri Jan 12 03:28:46 2024
Results reported at Fri Jan 12 03:28:46 2024

Your job looked like:

------------------------------------------------------------
# LSBATCH: User input
#!/bin/bash
#BSUB -J 4cores
#BSUB -o src/1node4cores.out
#BSUB -q hpcintro
#BSUB -W 6
#BSUB -R "rusage[mem=512MB]"
#BSUB -R "span[hosts=1]"
#BSUB -n 4

export OMP_NUM_THREADS=${LSB_DJOB_NUMPROC:-1}

# TODO: 
# - Add bigger numbers

TOLERANCE_VALUES=(
  0.0000001
  0.000001
  0.0001
  0.001
)

GRID_VALUES=(
  10
  20
  30
  40
  50
  100
  # 200
  # 300
  # 400
)

# go to source dir
cd "src"
# create logs dir if doesn't exist
mkdir -p "logs"
# remove previous logs
rm -f logs/*.log

# no real meaning behind these values for now
ITERATIONS_DEF=10000
TOLERANCE_DEF=0.00001
GRID_DEF=50

for GRID in "${GRID_VALUES[@]}"; do
  ./poisson_j $GRID $ITERATIONS_DEF $TOLERANCE_DEF 0.0 4 >>"logs/grid_j.log"
  ./poisson_gs $GRID $ITERATIONS_DEF $TOLERANCE_DEF 0.0 4 >>"logs/grid_gs.log"
  ./poisson_j $GRID $ITERATIONS_DEF $TOLERANCE_DEF 0.0 3 >/dev/null 2>&1
  ./poisson_gs $GRID $ITERATIONS_DEF $TOLERANCE_DEF 0.0 3 >/dev/null 2>&1

(... more ...)
------------------------------------------------------------

TERM_RUNLIMIT: job killed after reaching LSF run time limit.
Exited with exit code 140.

Resource usage summary:

    CPU time :                                   372.00 sec.
    Max Memory :                                 27 MB
    Average Memory :                             24.00 MB
    Total Requested Memory :                     2048.00 MB
    Delta Memory :                               2021.00 MB
    Max Swap :                                   -
    Max Processes :                              4
    Max Threads :                                5
    Run time :                                   374 sec.
    Turnaround time :                            374 sec.

The output (if any) is above this job summary.

Wrote VTK file to jacobi_N10_T0.00001000_I10000.vtk.
Wrote VTK file to gauss_seidel_N10_T0.00001000_I10000.vtk.
Wrote VTK file to jacobi_N20_T0.00001000_I10000.vtk.
Wrote VTK file to gauss_seidel_N20_T0.00001000_I10000.vtk.
Wrote VTK file to jacobi_N30_T0.00001000_I10000.vtk.
Wrote VTK file to gauss_seidel_N30_T0.00001000_I10000.vtk.
Wrote VTK file to jacobi_N40_T0.00001000_I10000.vtk.
Wrote VTK file to gauss_seidel_N40_T0.00001000_I10000.vtk.
Wrote VTK file to jacobi_N50_T0.00001000_I10000.vtk.
Wrote VTK file to gauss_seidel_N50_T0.00001000_I10000.vtk.
Wrote VTK file to jacobi_N100_T0.00001000_I10000.vtk.
Wrote VTK file to gauss_seidel_N100_T0.00001000_I10000.vtk.
Wrote VTK file to jacobi_N50_T0.00000010_I10000.vtk.
Wrote VTK file to gauss_seidel_N50_T0.00000010_I10000.vtk.
Wrote VTK file to jacobi_N50_T0.00000100_I10000.vtk.
Wrote VTK file to gauss_seidel_N50_T0.00000100_I10000.vtk.
Wrote VTK file to jacobi_N50_T0.00010000_I10000.vtk.
Wrote VTK file to gauss_seidel_N50_T0.00010000_I10000.vtk.
Wrote VTK file to jacobi_N50_T0.00100000_I10000.vtk.
Wrote VTK file to gauss_seidel_N50_T0.00100000_I10000.vtk.
  adding: logs/ (stored 0%)
  adding: logs/grid_j.log (deflated 81%)
  adding: logs/grid_gs.log (deflated 81%)
  adding: logs/tolerance_gs.log (deflated 78%)
  adding: logs/tolerance_j.log (deflated 78%)

------------------------------------------------------------
Sender: LSF System <lsfadmin@hpc.dtu.dk>
Subject: Job 19888237: <4cores> in cluster <dcc> Done

Job <4cores> was submitted from host <n-62-30-1> by user <s173394> in cluster <dcc> at Fri Jan 12 03:35:10 2024
Job was executed on host(s) <n-62-21-2>, in queue <hpcintro>, as user <s173394> in cluster <dcc> at Fri Jan 12 03:35:11 2024
</zhome/97/7/126506> was used as the home directory.
</zhome/97/7/126506/02614/assignments/HPC_assignment_2> was used as the working directory.
Started at Fri Jan 12 03:35:11 2024
Terminated at Fri Jan 12 03:39:32 2024
Results reported at Fri Jan 12 03:39:32 2024

Your job looked like:

------------------------------------------------------------
# LSBATCH: User input
#!/bin/bash
#BSUB -J 4cores
#BSUB -o src/1node4cores.out
#BSUB -q hpcintro
#BSUB -W 6
#BSUB -R "rusage[mem=512MB]"
#BSUB -R "span[hosts=1]"
#BSUB -n 1

export OMP_NUM_THREADS=${LSB_DJOB_NUMPROC:-1}

# TODO: 
# - Add bigger numbers

TOLERANCE_VALUES=(
  0.0000001
  0.000001
  0.0001
  0.001
)

GRID_VALUES=(
  10
  20
  30
  40
  50
  100
  # 200
  # 300
  # 400
)

# go to source dir
cd "src"
# create logs dir if doesn't exist
mkdir -p "logs"
# remove previous logs
rm -f logs/*.log

# no real meaning behind these values for now
ITERATIONS_DEF=10000
TOLERANCE_DEF=0.00001
GRID_DEF=50

for GRID in "${GRID_VALUES[@]}"; do
  ./poisson_j $GRID $ITERATIONS_DEF $TOLERANCE_DEF 0.0 4 >>"logs/grid_j.log"
  ./poisson_gs $GRID $ITERATIONS_DEF $TOLERANCE_DEF 0.0 4 >>"logs/grid_gs.log"
  ./poisson_j $GRID $ITERATIONS_DEF $TOLERANCE_DEF 0.0 3 >/dev/null 2>&1
  ./poisson_gs $GRID $ITERATIONS_DEF $TOLERANCE_DEF 0.0 3 >/dev/null 2>&1

(... more ...)
------------------------------------------------------------

Successfully completed.

Resource usage summary:

    CPU time :                                   259.52 sec.
    Max Memory :                                 27 MB
    Average Memory :                             11.00 MB
    Total Requested Memory :                     512.00 MB
    Delta Memory :                               485.00 MB
    Max Swap :                                   -
    Max Processes :                              4
    Max Threads :                                5
    Run time :                                   260 sec.
    Turnaround time :                            262 sec.

The output (if any) is above this job summary.

Wrote VTK file to jacobi_N10_T0.00001000_I10000.vtk.
Wrote VTK file to gauss_seidel_N10_T0.00001000_I10000.vtk.
Wrote VTK file to jacobi_N20_T0.00001000_I10000.vtk.
Wrote VTK file to gauss_seidel_N20_T0.00001000_I10000.vtk.
Wrote VTK file to jacobi_N30_T0.00001000_I10000.vtk.
Wrote VTK file to gauss_seidel_N30_T0.00001000_I10000.vtk.
Wrote VTK file to jacobi_N40_T0.00001000_I10000.vtk.
Wrote VTK file to gauss_seidel_N40_T0.00001000_I10000.vtk.
Wrote VTK file to jacobi_N50_T0.00001000_I10000.vtk.
Wrote VTK file to gauss_seidel_N50_T0.00001000_I10000.vtk.
Wrote VTK file to jacobi_N100_T0.00001000_I10000.vtk.
Wrote VTK file to gauss_seidel_N100_T0.00001000_I10000.vtk.
Wrote VTK file to jacobi_N100_T0.00000010_I10000.vtk.
Wrote VTK file to gauss_seidel_N100_T0.00000010_I10000.vtk.
User defined signal 2

------------------------------------------------------------
Sender: LSF System <lsfadmin@hpc.dtu.dk>
Subject: Job 19888238: <4cores> in cluster <dcc> Exited

Job <4cores> was submitted from host <n-62-30-1> by user <s173394> in cluster <dcc> at Fri Jan 12 03:44:53 2024
Job was executed on host(s) <n-62-21-3>, in queue <hpcintro>, as user <s173394> in cluster <dcc> at Fri Jan 12 03:44:55 2024
</zhome/97/7/126506> was used as the home directory.
</zhome/97/7/126506/02614/assignments/HPC_assignment_2> was used as the working directory.
Started at Fri Jan 12 03:44:55 2024
Terminated at Fri Jan 12 03:51:08 2024
Results reported at Fri Jan 12 03:51:08 2024

Your job looked like:

------------------------------------------------------------
# LSBATCH: User input
#!/bin/bash
#BSUB -J 4cores
#BSUB -o src/1node4cores.out
#BSUB -q hpcintro
#BSUB -W 6
#BSUB -R "rusage[mem=512MB]"
#BSUB -R "span[hosts=1]"
#BSUB -n 1

export OMP_NUM_THREADS=${LSB_DJOB_NUMPROC:-1}

# TODO: 
# - Add bigger numbers

TOLERANCE_VALUES=(
  0.0000001
  0.000001
  0.0001
  0.001
)

GRID_VALUES=(
  10
  20
  30
  40
  50
  100
  # 200
  # 300
  # 400
)

# go to source dir
cd "src"
# create logs dir if doesn't exist
mkdir -p "logs"
# remove previous logs
rm -f logs/*.log

# no real meaning behind these values for now
ITERATIONS_DEF=10000
TOLERANCE_DEF=0.00001
GRID_DEF=100

for GRID in "${GRID_VALUES[@]}"; do
  ./poisson_j $GRID $ITERATIONS_DEF $TOLERANCE_DEF 0.0 4 >>"logs/grid_j.log"
  ./poisson_gs $GRID $ITERATIONS_DEF $TOLERANCE_DEF 0.0 4 >>"logs/grid_gs.log"
  ./poisson_j $GRID $ITERATIONS_DEF $TOLERANCE_DEF 0.0 3 >/dev/null 2>&1
  ./poisson_gs $GRID $ITERATIONS_DEF $TOLERANCE_DEF 0.0 3 >/dev/null 2>&1

(... more ...)
------------------------------------------------------------

TERM_RUNLIMIT: job killed after reaching LSF run time limit.
Exited with exit code 140.

Resource usage summary:

    CPU time :                                   371.00 sec.
    Max Memory :                                 28 MB
    Average Memory :                             25.14 MB
    Total Requested Memory :                     512.00 MB
    Delta Memory :                               484.00 MB
    Max Swap :                                   -
    Max Processes :                              4
    Max Threads :                                5
    Run time :                                   373 sec.
    Turnaround time :                            375 sec.

The output (if any) is above this job summary.

Wrote VTK file to jacobi_N10_T0.00001000_I10000.vtk.
Wrote VTK file to gauss_seidel_N10_T0.00001000_I10000.vtk.
Wrote VTK file to jacobi_N20_T0.00001000_I10000.vtk.
Wrote VTK file to gauss_seidel_N20_T0.00001000_I10000.vtk.
Wrote VTK file to jacobi_N30_T0.00001000_I10000.vtk.
Wrote VTK file to gauss_seidel_N30_T0.00001000_I10000.vtk.
Wrote VTK file to jacobi_N40_T0.00001000_I10000.vtk.
Wrote VTK file to gauss_seidel_N40_T0.00001000_I10000.vtk.
Wrote VTK file to jacobi_N50_T0.00001000_I10000.vtk.
Wrote VTK file to gauss_seidel_N50_T0.00001000_I10000.vtk.
Wrote VTK file to jacobi_N100_T0.00001000_I10000.vtk.
Wrote VTK file to gauss_seidel_N100_T0.00001000_I10000.vtk.
Wrote VTK file to jacobi_N100_T0.00100000_I10000.vtk.

------------------------------------------------------------
Sender: LSF System <lsfadmin@hpc.dtu.dk>
Subject: Job 19888239: <4cores> in cluster <dcc> Exited

Job <4cores> was submitted from host <n-62-30-1> by user <s173394> in cluster <dcc> at Fri Jan 12 03:55:52 2024
Job was executed on host(s) <n-62-21-76>, in queue <hpcintro>, as user <s173394> in cluster <dcc> at Fri Jan 12 03:55:53 2024
</zhome/97/7/126506> was used as the home directory.
</zhome/97/7/126506/02614/assignments/HPC_assignment_2> was used as the working directory.
Started at Fri Jan 12 03:55:53 2024
Terminated at Fri Jan 12 04:01:08 2024
Results reported at Fri Jan 12 04:01:08 2024

Your job looked like:

------------------------------------------------------------
# LSBATCH: User input
#!/bin/bash
#BSUB -J 4cores
#BSUB -o src/1node4cores.out
#BSUB -q hpcintro
#BSUB -W 6
#BSUB -R "rusage[mem=512MB]"
#BSUB -R "span[hosts=1]"
#BSUB -n 1

export OMP_NUM_THREADS=${LSB_DJOB_NUMPROC:-1}

# TODO: 
# - Add bigger numbers

TOLERANCE_VALUES=(
  0.001
  0.0001
  0.000001
  0.0000001
)

GRID_VALUES=(
  10
  20
  30
  40
  50
  100
  # 200
  # 300
  # 400
)

# go to source dir
cd "src"
# create logs dir if doesn't exist
mkdir -p "logs"
# remove previous logs
rm -f logs/*.log

# no real meaning behind these values for now
ITERATIONS_DEF=10000
TOLERANCE_DEF=0.00001
GRID_DEF=100

for GRID in "${GRID_VALUES[@]}"; do
  ./poisson_j $GRID $ITERATIONS_DEF $TOLERANCE_DEF 0.0 4 >>"logs/grid_j.log"
  ./poisson_gs $GRID $ITERATIONS_DEF $TOLERANCE_DEF 0.0 4 >>"logs/grid_gs.log"
  ./poisson_j $GRID $ITERATIONS_DEF $TOLERANCE_DEF 0.0 3 >/dev/null 2>&1
  ./poisson_gs $GRID $ITERATIONS_DEF $TOLERANCE_DEF 0.0 3 >/dev/null 2>&1

(... more ...)
------------------------------------------------------------

TERM_RUNLIMIT: job killed after reaching LSF run time limit.
Exited with exit code 130.

Resource usage summary:

    CPU time :                                   313.58 sec.
    Max Memory :                                 27 MB
    Average Memory :                             23.67 MB
    Total Requested Memory :                     512.00 MB
    Delta Memory :                               485.00 MB
    Max Swap :                                   -
    Max Processes :                              4
    Max Threads :                                5
    Run time :                                   419 sec.
    Turnaround time :                            316 sec.

The output (if any) is above this job summary.

Wrote VTK file to jacobi_N10_T0.00001000_I10000.vtk.
Wrote VTK file to gauss_seidel_N10_T0.00001000_I10000.vtk.
Wrote VTK file to jacobi_N20_T0.00001000_I10000.vtk.
Wrote VTK file to gauss_seidel_N20_T0.00001000_I10000.vtk.
Wrote VTK file to jacobi_N30_T0.00001000_I10000.vtk.
Wrote VTK file to gauss_seidel_N30_T0.00001000_I10000.vtk.
Wrote VTK file to jacobi_N40_T0.00001000_I10000.vtk.
Wrote VTK file to gauss_seidel_N40_T0.00001000_I10000.vtk.
Wrote VTK file to jacobi_N50_T0.00001000_I10000.vtk.
Wrote VTK file to gauss_seidel_N50_T0.00001000_I10000.vtk.
Wrote VTK file to jacobi_N100_T0.00001000_I10000.vtk.
Wrote VTK file to gauss_seidel_N100_T0.00001000_I10000.vtk.
Wrote VTK file to jacobi_N50_T0.00100000_I10000.vtk.
Wrote VTK file to gauss_seidel_N50_T0.00100000_I10000.vtk.
Wrote VTK file to jacobi_N50_T0.00010000_I10000.vtk.
Wrote VTK file to gauss_seidel_N50_T0.00010000_I10000.vtk.
Wrote VTK file to jacobi_N50_T0.00000100_I10000.vtk.
Wrote VTK file to gauss_seidel_N50_T0.00000100_I10000.vtk.
Wrote VTK file to jacobi_N50_T0.00000010_I10000.vtk.
Wrote VTK file to gauss_seidel_N50_T0.00000010_I10000.vtk.
  adding: logs/ (stored 0%)
  adding: logs/grid_j.log (deflated 81%)
  adding: logs/grid_gs.log (deflated 81%)
  adding: logs/tolerance_gs.log (deflated 77%)
  adding: logs/tolerance_j.log (deflated 76%)

------------------------------------------------------------
Sender: LSF System <lsfadmin@hpc.dtu.dk>
Subject: Job 19888240: <4cores> in cluster <dcc> Done

Job <4cores> was submitted from host <n-62-30-1> by user <s173394> in cluster <dcc> at Fri Jan 12 04:01:11 2024
Job was executed on host(s) <4*n-62-21-77>, in queue <hpcintro>, as user <s173394> in cluster <dcc> at Fri Jan 12 04:01:12 2024
</zhome/97/7/126506> was used as the home directory.
</zhome/97/7/126506/02614/assignments/HPC_assignment_2> was used as the working directory.
Started at Fri Jan 12 04:01:12 2024
Terminated at Fri Jan 12 04:05:33 2024
Results reported at Fri Jan 12 04:05:33 2024

Your job looked like:

------------------------------------------------------------
# LSBATCH: User input
#!/bin/bash
#BSUB -J 4cores
#BSUB -o src/1node4cores.out
#BSUB -q hpcintro
#BSUB -W 6
#BSUB -R "rusage[mem=512MB]"
#BSUB -R "span[hosts=1]"
#BSUB -n 4

export OMP_NUM_THREADS=${LSB_DJOB_NUMPROC:-1}


TOLERANCE_VALUES=(
  0.001
  0.0001
  0.000001
  0.0000001
)

GRID_VALUES=(
  10
  20
  30
  40
  50
  100
  # 200
  # 300
  # 400
)

# go to source dir
cd "src"
# create logs dir if doesn't exist
mkdir -p "logs"
# remove previous logs
rm -f logs/*.log

# no real meaning behind these values for now
ITERATIONS_DEF=10000
TOLERANCE_DEF=0.00001
GRID_DEF=50

for GRID in "${GRID_VALUES[@]}"; do
  ./poisson_j $GRID $ITERATIONS_DEF $TOLERANCE_DEF 0.0 4 >>"logs/grid_j.log"
  ./poisson_gs $GRID $ITERATIONS_DEF $TOLERANCE_DEF 0.0 4 >>"logs/grid_gs.log"
  ./poisson_j $GRID $ITERATIONS_DEF $TOLERANCE_DEF 0.0 3 >/dev/null 2>&1
  ./poisson_gs $GRID $ITERATIONS_DEF $TOLERANCE_DEF 0.0 3 >/dev/null 2>&1
done


(... more ...)
------------------------------------------------------------

Successfully completed.

Resource usage summary:

    CPU time :                                   259.28 sec.
    Max Memory :                                 28 MB
    Average Memory :                             11.20 MB
    Total Requested Memory :                     2048.00 MB
    Delta Memory :                               2020.00 MB
    Max Swap :                                   -
    Max Processes :                              4
    Max Threads :                                5
    Run time :                                   261 sec.
    Turnaround time :                            262 sec.

The output (if any) is above this job summary.

Wrote VTK file to jacobi_N10_T0.00001000_I10000.vtk.
Wrote VTK file to gauss_seidel_N10_T0.00001000_I10000.vtk.
Wrote VTK file to jacobi_N20_T0.00001000_I10000.vtk.
Wrote VTK file to gauss_seidel_N20_T0.00001000_I10000.vtk.
Wrote VTK file to jacobi_N30_T0.00001000_I10000.vtk.
Wrote VTK file to gauss_seidel_N30_T0.00001000_I10000.vtk.
Wrote VTK file to jacobi_N40_T0.00001000_I10000.vtk.
Wrote VTK file to gauss_seidel_N40_T0.00001000_I10000.vtk.
Wrote VTK file to jacobi_N50_T0.00001000_I10000.vtk.
Wrote VTK file to gauss_seidel_N50_T0.00001000_I10000.vtk.
Wrote VTK file to jacobi_N100_T0.00001000_I10000.vtk.
Wrote VTK file to gauss_seidel_N100_T0.00001000_I10000.vtk.
Wrote VTK file to jacobi_N50_T0.00100000_I10000.vtk.
Wrote VTK file to gauss_seidel_N50_T0.00100000_I10000.vtk.
Wrote VTK file to jacobi_N50_T0.00010000_I10000.vtk.
Wrote VTK file to gauss_seidel_N50_T0.00010000_I10000.vtk.
Wrote VTK file to jacobi_N50_T0.00000100_I10000.vtk.
Wrote VTK file to gauss_seidel_N50_T0.00000100_I10000.vtk.
Wrote VTK file to jacobi_N50_T0.00000010_I10000.vtk.
Wrote VTK file to gauss_seidel_N50_T0.00000010_I10000.vtk.
  adding: logs/ (stored 0%)
  adding: logs/grid_j.log (deflated 81%)
  adding: logs/grid_gs.log (deflated 81%)
  adding: logs/tolerance_gs.log (deflated 77%)
  adding: logs/tolerance_j.log (deflated 76%)

------------------------------------------------------------
Sender: LSF System <lsfadmin@hpc.dtu.dk>
Subject: Job 19888241: <4cores> in cluster <dcc> Done

Job <4cores> was submitted from host <n-62-30-1> by user <s173394> in cluster <dcc> at Fri Jan 12 04:16:24 2024
Job was executed on host(s) <4*n-62-21-2>, in queue <hpcintro>, as user <s173394> in cluster <dcc> at Fri Jan 12 04:16:25 2024
</zhome/97/7/126506> was used as the home directory.
</zhome/97/7/126506/02614/assignments/HPC_assignment_2> was used as the working directory.
Started at Fri Jan 12 04:16:25 2024
Terminated at Fri Jan 12 04:20:46 2024
Results reported at Fri Jan 12 04:20:46 2024

Your job looked like:

------------------------------------------------------------
# LSBATCH: User input
#!/bin/bash
#BSUB -J 4cores
#BSUB -o src/1node4cores.out
#BSUB -q hpcintro
#BSUB -W 6
#BSUB -R "rusage[mem=512MB]"
#BSUB -R "span[hosts=1]"
#BSUB -n 4

export OMP_NUM_THREADS=${LSB_DJOB_NUMPROC:-1}


TOLERANCE_VALUES=(
  0.001
  0.0001
  0.000001
  0.0000001
)

GRID_VALUES=(
  10
  20
  30
  40
  50
  100
  # 200
  # 300
  # 400
)

# go to source dir
cd "src"
# create logs dir if doesn't exist
mkdir -p "logs"
# remove previous logs
rm -f logs/*.log

# no real meaning behind these values for now
ITERATIONS_DEF=10000
TOLERANCE_DEF=0.00001
GRID_DEF=50

for GRID in "${GRID_VALUES[@]}"; do
  ./poisson_j $GRID $ITERATIONS_DEF $TOLERANCE_DEF 0.0 4 >>"logs/grid_j.log"
  ./poisson_gs $GRID $ITERATIONS_DEF $TOLERANCE_DEF 0.0 4 >>"logs/grid_gs.log"
  ./poisson_j $GRID $ITERATIONS_DEF $TOLERANCE_DEF 0.0 3 >/dev/null 2>&1
  ./poisson_gs $GRID $ITERATIONS_DEF $TOLERANCE_DEF 0.0 3 >/dev/null 2>&1
done


(... more ...)
------------------------------------------------------------

Successfully completed.

Resource usage summary:

    CPU time :                                   258.98 sec.
    Max Memory :                                 28 MB
    Average Memory :                             23.00 MB
    Total Requested Memory :                     2048.00 MB
    Delta Memory :                               2020.00 MB
    Max Swap :                                   -
    Max Processes :                              4
    Max Threads :                                5
    Run time :                                   261 sec.
    Turnaround time :                            262 sec.

The output (if any) is above this job summary.

